(0000) 2600  0010011000000000 (   6)                 .ORIG x2600
(2600) 3013  0011000000010011 (   7)                 ST    R0 intSaveR0
(2601) 3213  0011001000010011 (   8)                 ST    R1 intSaveR1
(2602) A013  1010000000010011 (  10)                 LDI   R0 KBDR
(2603) 2216  0010001000010110 (  11)                 LD    R1 negA
(2604) 1201  0001001000000001 (  12)                 ADD   R1 R0 R1
(2605) 040A  0000010000001010 (  13)                 BRZ   is_valid
(2606) 2214  0010001000010100 (  14)                 LD    R1 negC
(2607) 1201  0001001000000001 (  15)                 ADD   R1 R0 R1
(2608) 0407  0000010000000111 (  16)                 BRZ   is_valid
(2609) 2212  0010001000010010 (  17)                 LD    R1 negG
(260A) 1201  0001001000000001 (  18)                 ADD   R1 R0 R1
(260B) 0404  0000010000000100 (  19)                 BRZ   is_valid
(260C) 2210  0010001000010000 (  20)                 LD    R1 negU
(260D) 1201  0001001000000001 (  21)                 ADD   R1 R0 R1
(260E) 0401  0000010000000001 (  22)                 BRZ   is_valid
(260F) 0E01  0000111000000001 (  23)                 BRNZP exit
(2610) B00D  1011000000001101 (  25) is_valid        STI   R0 input
(2611) 2002  0010000000000010 (  27) exit            LD    R0 intSaveR0
(2612) 2202  0010001000000010 (  28)                 LD    R1 intSaveR1
(2613) 8000  1000000000000000 (  29)                 RTI   
(2614) 0000  0000000000000000 (  32) intSaveR0       .FILL x0000
(2615) 0000  0000000000000000 (  34) intSaveR1       .FILL x0000
(2616) FE02  1111111000000010 (  34) KBDR            .FILL xFE02
(2617) FE04  1111111000000100 (  35) DSR             .FILL xFE04
(2618) FE06  1111111000000110 (  36) DDR             .FILL xFE06
(2619) 8000  1000000000000000 (  37) DSIEN           .FILL x8000
(261A) FFBF  1111111110111111 (  38) negA            .FILL xFFBF
(261B) FFBD  1111111110111101 (  39) negC            .FILL xFFBD
(261C) FFB9  1111111110111001 (  40) negG            .FILL xFFB9
(261D) FFAB  1111111110101011 (  41) negU            .FILL xFFAB
(261E) 3600  0011011000000000 (  42) input           .FILL x3600
