(0000) 3000  0011000000000000 (   7)                 .ORIG x3000
(3000) 2C1C  0010110000011100 (   9)                 LD    R6 stackPointer
(3001) 201D  0010000000011101 (  11)                 LD    R0 KBISR
(3002) B01B  1011000000011011 (  12)                 STI   R0 KBIVT
(3003) A01B  1010000000011011 (  14)                 LDI   R0 KBISR
(3004) 221C  0010001000011100 (  15)                 LD    R1 KBIEN
(3005) 903F  1001000000111111 (  16)                 NOT   R0 R0
(3006) 927F  1001001001111111 (  17)                 NOT   R1 R1
(3007) 5001  0101000000000001 (  18)                 AND   R0 R0 R1
(3008) 903F  1001000000111111 (  19)                 NOT   R0 R0
(3009) B016  1011000000010110 (  20)                 STI   R0 KBSR
(300A) 5020  0101000000100000 (  22)                 AND   R0 R0 #0
(300B) B016  1011000000010110 (  23)                 STI   R0 inputLoc
(300C) 54A0  0101010010100000 (  24)                 AND   R2 R2 #0
(300D) 3419  0011010000011001 (  25)                 ST    R2 startLoc
(300E) 5920  0101100100100000 (  26)                 AND   R4 R4 #0
(300F) 3818  0011100000011000 (  27)                 ST    R4 endLoc
(3010) A011  1010000000010001 (  29) loop            LDI   R0 inputLoc
(3011) 05FE  0000010111111110 (  30)                 BRZ   loop
(3012) F021  1111000000100001 (  31)                 TRAP  x21
(3013) 2413  0010010000010011 (  32)                 LD    R2 startLoc
(3014) 14BD  0001010010111101 (  33)                 ADD   R2 R2 #-3
(3015) 0402  0000010000000010 (  34)                 BRZ   skipStart
(3016) 4812  0100100000010010 (  35)                 JSR   START_CHECK
(3017) 0E01  0000111000000001 (  36)                 BRNZP done
(3018) 4846  0100100001000110 (  38) skipStart       JSR   END_CHECK
(3019) 5020  0101000000100000 (  40) done            AND   R0 R0 #0
(301A) B007  1011000000000111 (  41)                 STI   R0 inputLoc
(301B) 0FF4  0000111111110100 (  42)                 BRNZP loop
(301C) F025  1111000000100101 (  43)                 TRAP  x25
(301D) 3000  0011000000000000 (  44) stackPointer    .FILL x3000
(301E) 0180  0000000110000000 (  45) KBIVT           .FILL x0180
(301F) 2600  0010011000000000 (  46) KBISR           .FILL x2600
(3020) FE00  1111111000000000 (  47) KBSR            .FILL xFE00
(3021) 4000  0100000000000000 (  48) KBIEN           .FILL x4000
(3022) 3600  0011011000000000 (  49) inputLoc        .FILL x3600
(3023) FFBF  1111111110111111 (  50) negA            .FILL xFFBF
(3024) FFBD  1111111110111101 (  51) negC            .FILL xFFBD
(3025) FFB9  1111111110111001 (  52) negG            .FILL xFFB9
(3026) FFAB  1111111110101011 (  53) negU            .FILL xFFAB
(3027) 0000  0000000000000000 (  55) startLoc        .FILL x0000
(3028) 0000  0000000000000000 (  64) endLoc          .FILL x0000
(3029) 302C  0011000000101100 (  65) START_CHECK     ST    R0 scSaveR0
(302A) 322C  0011001000101100 (  66)                 ST    R1 scSaveR1
(302B) 342C  0011010000101100 (  67)                 ST    R2 scSaveR2
(302C) 362C  0011011000101100 (  68)                 ST    R3 scSaveR3
(302D) 382C  0011100000101100 (  69)                 ST    R4 scSaveR4
(302E) 3A2C  0011101000101100 (  70)                 ST    R5 scSaveR5
(302F) 3C2C  0011110000101100 (  71)                 ST    R6 scSaveR6
(3030) 3E2C  0011111000101100 (  72)                 ST    R7 scSaveR7
(3031) 25F5  0010010111110101 (  73)                 LD    R2 startLoc
(3032) 16A0  0001011010100000 (  74)                 ADD   R3 R2 #0
(3033) 0406  0000010000000110 (  75)                 BRZ   scNone
(3034) 16FF  0001011011111111 (  76)                 ADD   R3 R3 #-1
(3035) 0409  0000010000001001 (  77)                 BRZ   scOne
(3036) 16FF  0001011011111111 (  78)                 ADD   R3 R3 #-1
(3037) 040C  0000010000001100 (  79)                 BRZ   scTwo
(3038) 16FF  0001011011111111 (  80)                 ADD   R3 R3 #-1
(3039) 0E12  0000111000010010 (  81)                 BRNZP scExit
(303A) 23E8  0010001111101000 (  83) scNone          LD    R1 negA
(303B) 1201  0001001000000001 (  84)                 ADD   R1 R0 R1
(303C) 0A0E  0000101000001110 (  85)                 BRNP  scClear
(303D) 14A1  0001010010100001 (  86)                 ADD   R2 R2 #1
(303E) 0E0D  0000111000001101 (  87)                 BRNZP scExit
(303F) 23E6  0010001111100110 (  89) scOne           LD    R1 negU
(3040) 1201  0001001000000001 (  90)                 ADD   R1 R0 R1
(3041) 0A09  0000101000001001 (  91)                 BRNP  scClear
(3042) 14A1  0001010010100001 (  92)                 ADD   R2 R2 #1
(3043) 0E08  0000111000001000 (  93)                 BRNZP scExit
(3044) 23E0  0010001111100000 (  95) scTwo           LD    R1 negG
(3045) 1201  0001001000000001 (  96)                 ADD   R1 R0 R1
(3046) 0A04  0000101000000100 (  97)                 BRNP  scClear
(3047) 14A1  0001010010100001 (  98)                 ADD   R2 R2 #1
(3048) 2015  0010000000010101 (  99)                 LD    R0 pipe
(3049) F021  1111000000100001 ( 100)                 TRAP  x21
(304A) 0E01  0000111000000001 ( 101)                 BRNZP scExit
(304B) 54A0  0101010010100000 ( 103) scClear         AND   R2 R2 #0
(304C) 35DA  0011010111011010 ( 105) scExit          ST    R2 startLoc
(304D) 2008  0010000000001000 ( 106)                 LD    R0 scSaveR0
(304E) 2208  0010001000001000 ( 107)                 LD    R1 scSaveR1
(304F) 2408  0010010000001000 ( 108)                 LD    R2 scSaveR2
(3050) 2608  0010011000001000 ( 109)                 LD    R3 scSaveR3
(3051) 2808  0010100000001000 ( 110)                 LD    R4 scSaveR4
(3052) 2A08  0010101000001000 ( 111)                 LD    R5 scSaveR5
(3053) 2C08  0010110000001000 ( 112)                 LD    R6 scSaveR6
(3054) 2E08  0010111000001000 ( 113)                 LD    R7 scSaveR7
(3055) C1C0  1100000111000000 ( 114)                 RET   
(3056) 0000  0000000000000000 ( 116) scSaveR0        .FILL x0000
(3057) 0000  0000000000000000 ( 117) scSaveR1        .FILL x0000
(3058) 0000  0000000000000000 ( 118) scSaveR2        .FILL x0000
(3059) 0000  0000000000000000 ( 119) scSaveR3        .FILL x0000
(305A) 0000  0000000000000000 ( 120) scSaveR4        .FILL x0000
(305B) 0000  0000000000000000 ( 121) scSaveR5        .FILL x0000
(305C) 0000  0000000000000000 ( 122) scSaveR6        .FILL x0000
(305D) 0000  0000000000000000 ( 123) scSaveR7        .FILL x0000
(305E) 007C  0000000001111100 ( 123) pipe            .FILL x007C
(305F) 3035  0011000000110101 ( 136) END_CHECK       ST    R0 ecSaveR0
(3060) 3235  0011001000110101 ( 137)                 ST    R1 ecSaveR1
(3061) 3435  0011010000110101 ( 138)                 ST    R2 ecSaveR2
(3062) 3635  0011011000110101 ( 139)                 ST    R3 ecSaveR3
(3063) 3835  0011100000110101 ( 140)                 ST    R4 ecSaveR4
(3064) 3A35  0011101000110101 ( 141)                 ST    R5 ecSaveR5
(3065) 3C35  0011110000110101 ( 142)                 ST    R6 ecSaveR6
(3066) 3E35  0011111000110101 ( 143)                 ST    R7 ecSaveR7
(3067) 29C0  0010100111000000 ( 144)                 LD    R4 endLoc
(3068) 1720  0001011100100000 ( 145)                 ADD   R3 R4 #0
(3069) 0405  0000010000000101 ( 146)                 BRZ   ecNone
(306A) 16FF  0001011011111111 ( 147)                 ADD   R3 R3 #-1
(306B) 0408  0000010000001000 ( 148)                 BRZ   ecOne
(306C) 16FF  0001011011111111 ( 149)                 ADD   R3 R3 #-1
(306D) 0410  0000010000010000 ( 150)                 BRZ   ecTwo
(306E) 0E16  0000111000010110 ( 151)                 BRNZP ecThree
(306F) 23B6  0010001110110110 ( 153) ecNone          LD    R1 negU
(3070) 1201  0001001000000001 ( 154)                 ADD   R1 R0 R1
(3071) 0A19  0000101000011001 ( 155)                 BRNP  ecExit
(3072) 1921  0001100100100001 ( 156)                 ADD   R4 R4 #1
(3073) 0E17  0000111000010111 ( 157)                 BRNZP ecExit
(3074) 23AE  0010001110101110 ( 159) ecOne           LD    R1 negA
(3075) 1201  0001001000000001 ( 160)                 ADD   R1 R0 R1
(3076) 0A02  0000101000000010 ( 161)                 BRNP  x3079
(3077) 1921  0001100100100001 ( 162)                 ADD   R4 R4 #1
(3078) 0E12  0000111000010010 ( 163)                 BRNZP ecExit
(3079) 23AB  0010001110101011 ( 164)                 LD    R1 negG
(307A) 1201  0001001000000001 ( 165)                 ADD   R1 R0 R1
(307B) 0A0E  0000101000001110 ( 166)                 BRNP  ecClear
(307C) 1922  0001100100100010 ( 167)                 ADD   R4 R4 #2
(307D) 0E0D  0000111000001101 ( 168)                 BRNZP ecExit
(307E) 23A4  0010001110100100 ( 170) ecTwo           LD    R1 negA
(307F) 1201  0001001000000001 ( 171)                 ADD   R1 R0 R1
(3080) 0408  0000010000001000 ( 172)                 BRZ   ecHalt
(3081) 23A3  0010001110100011 ( 173)                 LD    R1 negG
(3082) 1201  0001001000000001 ( 174)                 ADD   R1 R0 R1
(3083) 0405  0000010000000101 ( 175)                 BRZ   ecHalt
(3084) 0E05  0000111000000101 ( 176)                 BRNZP ecClear
(3085) 239D  0010001110011101 ( 178) ecThree         LD    R1 negA
(3086) 1201  0001001000000001 ( 179)                 ADD   R1 R0 R1
(3087) 0401  0000010000000001 ( 180)                 BRZ   ecHalt
(3088) 0E01  0000111000000001 ( 181)                 BRNZP ecClear
(3089) F025  1111000000100101 ( 183) ecHalt          TRAP  x25
(308A) 5920  0101100100100000 ( 185) ecClear         AND   R4 R4 #0
(308B) 399C  0011100110011100 ( 187) ecExit          ST    R4 endLoc
(308C) 2008  0010000000001000 ( 188)                 LD    R0 ecSaveR0
(308D) 2208  0010001000001000 ( 189)                 LD    R1 ecSaveR1
(308E) 2408  0010010000001000 ( 190)                 LD    R2 ecSaveR2
(308F) 2608  0010011000001000 ( 191)                 LD    R3 ecSaveR3
(3090) 3808  0011100000001000 ( 192)                 ST    R4 ecSaveR4
(3091) 2A08  0010101000001000 ( 193)                 LD    R5 ecSaveR5
(3092) 2C08  0010110000001000 ( 194)                 LD    R6 ecSaveR6
(3093) 2E08  0010111000001000 ( 195)                 LD    R7 ecSaveR7
(3094) C1C0  1100000111000000 ( 196)                 RET   
(3095) 0000  0000000000000000 ( 198) ecSaveR0        .FILL x0000
(3096) 0000  0000000000000000 ( 199) ecSaveR1        .FILL x0000
(3097) 0000  0000000000000000 ( 200) ecSaveR2        .FILL x0000
(3098) 0000  0000000000000000 ( 201) ecSaveR3        .FILL x0000
(3099) 0000  0000000000000000 ( 202) ecSaveR4        .FILL x0000
(309A) 0000  0000000000000000 ( 203) ecSaveR5        .FILL x0000
(309B) 0000  0000000000000000 ( 204) ecSaveR6        .FILL x0000
(309C) 0000  0000000000000000 ( 205) ecSaveR7        .FILL x0000
