(0000) 3000  0011000000000000 (  26)                 .ORIG x3000
(3000) 202A  0010000000101010 (  29)                 LD    R0 A
(3001) 5920  0101100100100000 (  31) RepeatSequence  AND   R4 R4 #0
(3002) 6200  0110001000000000 (  35) ILoop           LDR   R1 R0 #0
(3003) 080E  0000100000001110 (  36)                 BRN   checkSentinel
(3004) 6402  0110010000000010 (  37)                 LDR   R2 R0 #2
(3005) 967F  1001011001111111 (  39)                 NOT   R3 R1
(3006) 16E1  0001011011100001 (  40)                 ADD   R3 R3 #1
(3007) 16C2  0001011011000010 (  41)                 ADD   R3 R3 R2
(3008) 0807  0000100000000111 (  42)                 BRN   noSwap
(3009) 7400  0111010000000000 (  43)                 STR   R2 R0 #0
(300A) 7202  0111001000000010 (  44)                 STR   R1 R0 #2
(300B) 6A01  0110101000000001 (  45)                 LDR   R5 R0 #1
(300C) 6C03  0110110000000011 (  46)                 LDR   R6 R0 #3
(300D) 7C01  0111110000000001 (  47)                 STR   R6 R0 #1
(300E) 7A03  0111101000000011 (  48)                 STR   R5 R0 #3
(300F) 1921  0001100100100001 (  49)                 ADD   R4 R4 #1
(3010) 1022  0001000000100010 (  51) noSwap          ADD   R0 R0 #2
(3011) 0FF0  0000111111110000 (  52)                 BRNZP ILoop
(3012) 1920  0001100100100000 (  54) checkSentinel   ADD   R4 R4 #0
(3013) 03ED  0000001111101101 (  55)                 BRP   RepeatSequence
(3014) 2016  0010000000010110 (  59)                 LD    R0 A
(3015) 2E16  0010111000010110 (  61) RepeatSearch    LD    R7 B
(3016) 6C00  0110110000000000 (  62)                 LDR   R6 R0 #0
(3017) 080E  0000100000001110 (  63)                 BRN   checkSentinelTwo
(3018) 6201  0110001000000001 (  64)                 LDR   R1 R0 #1
(3019) 6640  0110011001000000 (  66) checkNext       LDR   R3 R1 #0
(301A) 65C0  0110010111000000 (  67)                 LDR   R2 R7 #0
(301B) 98FF  1001100011111111 (  69)                 NOT   R4 R3
(301C) 1921  0001100100100001 (  70)                 ADD   R4 R4 #1
(301D) 1902  0001100100000010 (  71)                 ADD   R4 R4 R2
(301E) 0A05  0000101000000101 (  72)                 BRNP  noMatch
(301F) 14A0  0001010010100000 (  73)                 ADD   R2 R2 #0
(3020) 0407  0000010000000111 (  74)                 BRZ   endOfWord
(3021) 1261  0001001001100001 (  75)                 ADD   R1 R1 #1
(3022) 1FE1  0001111111100001 (  76)                 ADD   R7 R7 #1
(3023) 0FF5  0000111111110101 (  77)                 BRNZP checkNext
(3024) 1022  0001000000100010 (  79) noMatch         ADD   R0 R0 #2
(3025) 0FEF  0000111111101111 (  80)                 BRNZP RepeatSearch
(3026) 5DA0  0101110110100000 (  83) checkSentinelTwo AND   R6 R6 #0
(3027) 1DBF  0001110110111111 (  84)                 ADD   R6 R6 #-1
(3028) 2E03  0010111000000011 (  87) endOfWord       LD    R7 B
(3029) 7DFF  0111110111111111 (  88)                 STR   R6 R7 #-1
(302A) F025  1111000000100101 (  89)                 TRAP  x25
(302B) 3500  0011010100000000 (  91) A               .FILL x3500
(302C) 6000  0110000000000000 (  92) B               .FILL x6000
