(0000) 3000  0011000000000000 (   6)                 .ORIG x3000
(3000) A221  1010001000100001 (   8)                 LDI   R1 numberOne
(3001) A421  1010010000100001 (   9)                 LDI   R2 numberTwo
(3002) 56E0  0101011011100000 (  11)                 AND   R3 R3 #0
(3003) 14A0  0001010010100000 (  13) start           ADD   R2 R2 #0
(3004) 1260  0001001001100000 (  14)                 ADD   R1 R1 #0
(3005) 0A03  0000101000000011 (  16)                 BRNP  notzero
(3006) 56E0  0101011011100000 (  17)                 AND   R3 R3 #0
(3007) B61C  1011011000011100 (  18)                 STI   R3 result
(3008) 0E18  0000111000011000 (  19)                 BRNZP fin
(3009) 0805  0000100000000101 (  22) notzero         BRN   notpositiveNum1
(300A) 16C2  0001011011000010 (  24)                 ADD   R3 R3 R2
(300B) 127F  0001001001111111 (  25)                 ADD   R1 R1 #-1
(300C) 03FD  0000001111111101 (  26)                 BRP   x300A
(300D) B616  1011011000010110 (  27)                 STI   R3 result
(300E) 0E12  0000111000010010 (  28)                 BRNZP fin
(300F) 14A0  0001010010100000 (  31) notpositiveNum1 ADD   R2 R2 #0
(3010) 0A03  0000101000000011 (  32)                 BRNP  notzeroNum2
(3011) 56E0  0101011011100000 (  33)                 AND   R3 R3 #0
(3012) B611  1011011000010001 (  34)                 STI   R3 result
(3013) 0E0D  0000111000001101 (  35)                 BRNZP fin
(3014) 0805  0000100000000101 (  38) notzeroNum2     BRN   notnegativeNum2
(3015) 16C1  0001011011000001 (  39)                 ADD   R3 R3 R1
(3016) 14BF  0001010010111111 (  40)                 ADD   R2 R2 #-1
(3017) 03FD  0000001111111101 (  41)                 BRP   x3015
(3018) B60B  1011011000001011 (  42)                 STI   R3 result
(3019) 0E07  0000111000000111 (  43)                 BRNZP fin
(301A) 94BF  1001010010111111 (  45) notnegativeNum2 NOT   R2 R2
(301B) 14A1  0001010010100001 (  46)                 ADD   R2 R2 #1
(301C) 16C2  0001011011000010 (  47)                 ADD   R3 R3 R2
(301D) 1261  0001001001100001 (  48)                 ADD   R1 R1 #1
(301E) 09FD  0000100111111101 (  49)                 BRN   x301C
(301F) B604  1011011000000100 (  50)                 STI   R3 result
(3020) 0E00  0000111000000000 (  51)                 BRNZP fin
(3021) F025  1111000000100101 (  56) fin             TRAP  x25
(3022) 2FF0  0010111111110000 (  58) numberOne       .FILL x2FF0
(3023) 2FF1  0010111111110001 (  59) numberTwo       .FILL x2FF1
(3024) 2FF2  0010111111110010 (  60) result          .FILL x2FF2
