(0000) 5000  0101000000000000 (   3)                 .ORIG x5000
(5000) 5005  0101000000000101 (   4)                 .FILL x5005
(5001) 5011  0101000000010001 (   6) blk2            .FILL x5011
(5002) 0001  0000000000000001 (   7)                 .FILL x0001
(5003) 0001  0000000000000001 (   8)                 .FILL x0001
(5004) 0023  0000000000100011 (   9)                 .FILL x0023
(5005) 5009  0101000000001001 (  12) Head            .FILL x5009
(5006) 0000  0000000000000000 (  13)                 .FILL x0000
(5007) 0001  0000000000000001 (  14)                 .FILL x0001
(5008) 0023  0000000000100011 (  15)                 .FILL x0023
(5009) 500D  0101000000001101 (  18) blk1            .FILL x500D
(500A) 0004  0000000000000100 (  19)                 .FILL x0004
(500B) 0007  0000000000000111 (  20)                 .FILL x0007
(500C) 0048  0000000001001000 (  21)                 .FILL x0048
(500D) 5001  0101000000000001 (  24) blk3            .FILL x5001
(500E) 0002  0000000000000010 (  25)                 .FILL x0002
(500F) 0001  0000000000000001 (  26)                 .FILL x0001
(5010) 0049  0000000001001001 (  27)                 .FILL x0049
(5011) 501D  0101000000011101 (  30) blk4            .FILL x501D
(5012) 0006  0000000000000110 (  31)                 .FILL x0006
(5013) 0003  0000000000000011 (  32)                 .FILL x0003
(5014) 0023  0000000000100011 (  33)                 .FILL x0023
(5015) 0000  0000000000000000 (  36) blk7            .FILL x0000
(5016) 0005  0000000000000101 (  37)                 .FILL x0005
(5017) 0006  0000000000000110 (  38)                 .FILL x0006
(5018) 0023  0000000000100011 (  39)                 .FILL x0023
(5019) 5015  0101000000010101 (  41) blk6            .FILL x5015
(501A) 0004  0000000000000100 (  42)                 .FILL x0004
(501B) 0004  0000000000000100 (  43)                 .FILL x0004
(501C) 0023  0000000000100011 (  44)                 .FILL x0023
(501D) 5019  0101000000011001 (  46) blk5            .FILL x5019
(501E) 0003  0000000000000011 (  47)                 .FILL x0003
(501F) 0005  0000000000000101 (  48)                 .FILL x0005
(5020) 0023  0000000000100011 (  49)                 .FILL x0023
